<?xml version="1.0" encoding="UTF-8"?>
<!-- Generated by org.testng.reporters.JUnitReportReporter -->
<testsuite name="test.MyTestCase" tests="1" time="71.019" ignored="0" failures="0" timestamp="15 Sep 2022 18:08:59 GMT" skipped="0" hostname="DESKTOP-KHUUFF7" errors="0">
  <testcase name="submitForm" time="71.019" classname="test.MyTestCase"/>
</testsuite> <!-- test.MyTestCase -->
