<?xml version="1.0" encoding="UTF-8"?>
<!-- Generated by org.testng.reporters.JUnitReportReporter -->
<testsuite name="test.AutomationForm" tests="1" time="44.781" ignored="0" failures="0" timestamp="21 Jul 2022 03:16:37 GMT" skipped="0" hostname="NLPULTP2803269" errors="0">
  <testcase name="submitForm" time="44.781" classname="test.AutomationForm"/>
</testsuite> <!-- test.AutomationForm -->
