<?xml version="1.0" encoding="UTF-8"?>
<!-- Generated by org.testng.reporters.JUnitReportReporter -->
<testsuite name="test.ProdigyLabs" tests="1" time="27.344" ignored="0" failures="0" timestamp="31 Aug 2022 08:05:15 GMT" skipped="0" hostname="DESKTOP-KHUUFF7" errors="0">
  <testcase name="submitForm" time="27.344" classname="test.ProdigyLabs"/>
</testsuite> <!-- test.ProdigyLabs -->
